<<<<<<< HEAD
[1231/141259.427:ERROR:directory_reader_win.cc(43)] FindFirstFile: 系統找不到指定的路徑。 (0x3)
[0107/162855.860:ERROR:directory_reader_win.cc(43)] FindFirstFile: 系統找不到指定的路徑。 (0x3)
[0120/115221.248:ERROR:directory_reader_win.cc(43)] FindFirstFile: 系統找不到指定的路徑。 (0x3)
[0122/060212.402:ERROR:directory_reader_win.cc(43)] FindFirstFile: 系統找不到指定的路徑。 (0x3)
[0123/213632.461:ERROR:filesystem_win.cc(148)] DeleteFile C:\Users\kevino430\AppData\Local\Google\Chrome\User Data\Crashpad\reports\a4c699f6-ac96-499f-9d94-9933b3c2fe78.dmp: 程序無法存取檔案，因為檔案正由另一個程序使用。 (0x20)
[0123/214942.483:ERROR:directory_reader_win.cc(43)] FindFirstFile: 系統找不到指定的路徑。 (0x3)
[0125/095611.143:ERROR:directory_reader_win.cc(43)] FindFirstFile: 系統找不到指定的路徑。 (0x3)
=======
[1231/141259.427:ERROR:directory_reader_win.cc(43)] FindFirstFile: 嚙緣嚙諄找不嚙踝蕭嚙踝蕭w嚙踝蕭嚙踝蕭嚙罵嚙瘠 (0x3)
[0107/162855.860:ERROR:directory_reader_win.cc(43)] FindFirstFile: 嚙緣嚙諄找不嚙踝蕭嚙踝蕭w嚙踝蕭嚙踝蕭嚙罵嚙瘠 (0x3)
[0119/042237.421:ERROR:directory_reader_win.cc(43)] FindFirstFile: 嚙緣嚙諄找不嚙踝蕭嚙踝蕭w嚙踝蕭嚙踝蕭嚙罵嚙瘠 (0x3)
[0120/015755.728:ERROR:directory_reader_win.cc(43)] FindFirstFile: 嚙緣嚙諄找不嚙踝蕭嚙踝蕭w嚙踝蕭嚙踝蕭嚙罵嚙瘠 (0x3)
[0120/184506.475:ERROR:directory_reader_win.cc(43)] FindFirstFile: 系統找不到指定的路徑。 (0x3)
[0121/195446.961:ERROR:directory_reader_win.cc(43)] FindFirstFile: 系統找不到指定的路徑。 (0x3)
[0123/031956.678:ERROR:directory_reader_win.cc(43)] FindFirstFile: 系統找不到指定的路徑。 (0x3)
[0123/100903.560:ERROR:directory_reader_win.cc(43)] FindFirstFile: 系統找不到指定的路徑。 (0x3)
[0125/072410.319:ERROR:directory_reader_win.cc(43)] FindFirstFile: 系統找不到指定的路徑。 (0x3)
<<<<<<< HEAD
[0125/132516.828:ERROR:directory_reader_win.cc(43)] FindFirstFile: 系統找不到指定的路徑。 (0x3)
[0125/185654.224:ERROR:directory_reader_win.cc(43)] FindFirstFile: 系統找不到指定的路徑。 (0x3)
=======
[0125/140715.123:ERROR:directory_reader_win.cc(43)] FindFirstFile: 系統找不到指定的路徑。 (0x3)
>>>>>>> 12c95ac88cbfc77dea662436dd02f042fae7e5d7
>>>>>>> b927321d198594d9bf3c3a20d485b55502822e27
